  cutils.c
  libbf.c
D:\code\js\quickjs-master\cutils.c(324,11): warning C4018: “<”: 有符号/无符号不匹配
D:\code\js\quickjs-master\libbf.c(225,21): warning C4244: “函数”: 从“uint64_t”转换到“limb_t”，可能丢失数据
D:\code\js\quickjs-master\libbf.c(226,23): warning C4244: “=”: 从“uint64_t”转换到“limb_t”，可能丢失数据
D:\code\js\quickjs-master\libbf.c(235,14): warning C4244: “=”: 从“uint64_t”转换到“uint32_t”，可能丢失数据
D:\code\js\quickjs-master\libbf.c(345,20): warning C4018: “>=”: 有符号/无符号不匹配
D:\code\js\quickjs-master\libbf.c(468,32): warning C4146: 一元负运算符应用于无符号类型，结果仍为无符号类型
D:\code\js\quickjs-master\libbf.c(533,24): warning C4018: “<”: 有符号/无符号不匹配
D:\code\js\quickjs-master\libbf.c(614,26): warning C4018: “<”: 有符号/无符号不匹配
D:\code\js\quickjs-master\libbf.c(947,31): warning C4018: “<”: 有符号/无符号不匹配
D:\code\js\quickjs-master\libbf.c(983,22): warning C4018: “<”: 有符号/无符号不匹配
D:\code\js\quickjs-master\libbf.c(1031,14): warning C4018: “<”: 有符号/无符号不匹配
D:\code\js\quickjs-master\libbf.c(1138,19): warning C4244: “=”: 从“dlimb_t”转换到“limb_t”，可能丢失数据
D:\code\js\quickjs-master\libbf.c(1154,19): warning C4244: “=”: 从“dlimb_t”转换到“limb_t”，可能丢失数据
D:\code\js\quickjs-master\libbf.c(1207,19): warning C4244: “=”: 从“dlimb_t”转换到“limb_t”，可能丢失数据
D:\code\js\quickjs-master\libbf.c(1208,13): warning C4146: 一元负运算符应用于无符号类型，结果仍为无符号类型
D:\code\js\quickjs-master\libbf.c(1217,10): warning C4146: 一元负运算符应用于无符号类型，结果仍为无符号类型
D:\code\js\quickjs-master\libbf.c(1260,26): warning C4244: “=”: 从“dlimb_t”转换到“limb_t”，可能丢失数据
D:\code\js\quickjs-master\libbf.c(1318,20): warning C4244: “=”: 从“dlimb_t”转换到“limb_t”，可能丢失数据
D:\code\js\quickjs-master\libbf.c(1363,22): warning C4018: “<”: 有符号/无符号不匹配
D:\code\js\quickjs-master\libbf.c(1368,22): warning C4018: “<”: 有符号/无符号不匹配
D:\code\js\quickjs-master\libbf.c(1626,18): warning C4018: “<”: 有符号/无符号不匹配
D:\code\js\quickjs-master\libbf.c(1955,13): warning C4244: “=”: 从“dlimb_t”转换到“limb_t”，可能丢失数据
D:\code\js\quickjs-master\libbf.c(1968,15): warning C4244: “=”: 从“dlimb_t”转换到“limb_t”，可能丢失数据
D:\code\js\quickjs-master\libbf.c(2380,15): warning C4146: 一元负运算符应用于无符号类型，结果仍为无符号类型
D:\code\js\quickjs-master\libbf.c(2381,15): warning C4146: 一元负运算符应用于无符号类型，结果仍为无符号类型
D:\code\js\quickjs-master\libbf.c(2382,14): warning C4146: 一元负运算符应用于无符号类型，结果仍为无符号类型
D:\code\js\quickjs-master\libbf.c(2516,21): warning C4244: “=”: 从“uint64_t”转换到“limb_t”，可能丢失数据
D:\code\js\quickjs-master\libbf.c(2552,17): warning C4146: 一元负运算符应用于无符号类型，结果仍为无符号类型
D:\code\js\quickjs-master\libbf.c(2568,17): warning C4146: 一元负运算符应用于无符号类型，结果仍为无符号类型
D:\code\js\quickjs-master\libbf.c(2604,17): warning C4146: 一元负运算符应用于无符号类型，结果仍为无符号类型
D:\code\js\quickjs-master\libbf.c(2629,17): warning C4146: 一元负运算符应用于无符号类型，结果仍为无符号类型
D:\code\js\quickjs-master\libbf.c(2983,15): warning C4018: “>=”: 有符号/无符号不匹配
D:\code\js\quickjs-master\libbf.c(3325,13): warning C4146: 一元负运算符应用于无符号类型，结果仍为无符号类型
D:\code\js\quickjs-master\libbf.c(3358,19): warning C4244: “=”: 从“dlimb_t”转换到“limb_t”，可能丢失数据
D:\code\js\quickjs-master\libbf.c(3362,19): warning C4244: “=”: 从“dlimb_t”转换到“limb_t”，可能丢失数据
D:\code\js\quickjs-master\libbf.c(3368,13): warning C4146: 一元负运算符应用于无符号类型，结果仍为无符号类型
D:\code\js\quickjs-master\libbf.c(3393,24): warning C4244: “=”: 从“dlimb_t”转换到“limb_t”，可能丢失数据
D:\code\js\quickjs-master\libbf.c(3396,24): warning C4244: “=”: 从“dlimb_t”转换到“limb_t”，可能丢失数据
D:\code\js\quickjs-master\libbf.c(3760,42): warning C4018: “<”: 有符号/无符号不匹配
D:\code\js\quickjs-master\libbf.c(4140,30): warning C4244: “函数”: 从“int64_t”转换到“limb_t”，可能丢失数据
D:\code\js\quickjs-master\libbf.c(4141,24): warning C4244: “函数”: 从“int64_t”转换到“limb_t”，可能丢失数据
D:\code\js\quickjs-master\libbf.c(4142,22): warning C4244: “函数”: 从“int64_t”转换到“limb_t”，可能丢失数据
D:\code\js\quickjs-master\libbf.c(4145,21): warning C4244: “函数”: 从“int64_t”转换到“limb_t”，可能丢失数据
D:\code\js\quickjs-master\libbf.c(4146,46): warning C4244: “函数”: 从“int64_t”转换到“limb_t”，可能丢失数据
D:\code\js\quickjs-master\libbf.c(4422,35): warning C4018: “>=”: 有符号/无符号不匹配
D:\code\js\quickjs-master\libbf.c(4425,37): warning C4146: 一元负运算符应用于无符号类型，结果仍为无符号类型
D:\code\js\quickjs-master\libbf.c(4791,30): warning C4018: “<”: 有符号/无符号不匹配
D:\code\js\quickjs-master\libbf.c(4963,17): warning C4146: 一元负运算符应用于无符号类型，结果仍为无符号类型
D:\code\js\quickjs-master\libbf.c(4963,15): warning C4018: “<”: 有符号/无符号不匹配
D:\code\js\quickjs-master\libbf.c(5472,5): warning C4244: “=”: 从“uint64_t”转换到“limb_t”，可能丢失数据
D:\code\js\quickjs-master\libbf.c(5488,5): warning C4244: “=”: 从“uint64_t”转换到“limb_t”，可能丢失数据
D:\code\js\quickjs-master\libbf.c(5652,9): warning C4244: “=”: 从“uint64_t”转换到“limb_t”，可能丢失数据
D:\code\js\quickjs-master\libbf.c(5654,9): warning C4244: “=”: 从“uint64_t”转换到“uint32_t”，可能丢失数据
D:\code\js\quickjs-master\libbf.c(5670,9): warning C4244: “=”: 从“uint64_t”转换到“limb_t”，可能丢失数据
D:\code\js\quickjs-master\libbf.c(5673,9): warning C4244: “=”: 从“uint64_t”转换到“uint32_t”，可能丢失数据
D:\code\js\quickjs-master\libbf.c(5691,9): warning C4244: “=”: 从“uint64_t”转换到“limb_t”，可能丢失数据
D:\code\js\quickjs-master\libbf.c(5693,9): warning C4244: “=”: 从“uint64_t”转换到“uint32_t”，可能丢失数据
D:\code\js\quickjs-master\libbf.c(5757,17): warning C4244: “=”: 从“uint64_t”转换到“limb_t”，可能丢失数据
D:\code\js\quickjs-master\libbf.c(5767,17): warning C4244: “=”: 从“uint64_t”转换到“limb_t”，可能丢失数据
D:\code\js\quickjs-master\libbf.c(5778,13): warning C4244: “=”: 从“uint64_t”转换到“limb_t”，可能丢失数据
D:\code\js\quickjs-master\libbf.c(5780,13): warning C4244: “=”: 从“uint64_t”转换到“limb_t”，可能丢失数据
D:\code\js\quickjs-master\libbf.c(5889,13): warning C4244: “=”: 从“uint64_t”转换到“limb_t”，可能丢失数据
D:\code\js\quickjs-master\libbf.c(5891,13): warning C4244: “=”: 从“uint64_t”转换到“limb_t”，可能丢失数据
D:\code\js\quickjs-master\libbf.c(5982,16): warning C4244: “=”: 从“dlimb_t”转换到“limb_t”，可能丢失数据
D:\code\js\quickjs-master\libbf.c(5988,5): warning C4244: “=”: 从“dlimb_t”转换到“uint32_t”，可能丢失数据
D:\code\js\quickjs-master\libbf.c(5988,5): warning C4244: “=”: 从“uint64_t”转换到“uint32_t”，可能丢失数据
D:\code\js\quickjs-master\libbf.c(5988,5): warning C4244: “=”: 从“dlimb_t”转换到“limb_t”，可能丢失数据
D:\code\js\quickjs-master\libbf.c(6323,20): warning C4018: “>=”: 有符号/无符号不匹配
D:\code\js\quickjs-master\libbf.c(6565,23): warning C4244: “=”: 从“uint64_t”转换到“limb_t”，可能丢失数据
D:\code\js\quickjs-master\libbf.c(6573,23): warning C4244: “=”: 从“uint64_t”转换到“limb_t”，可能丢失数据
D:\code\js\quickjs-master\libbf.c(6578,21): warning C4244: “=”: 从“uint64_t”转换到“limb_t”，可能丢失数据
D:\code\js\quickjs-master\libbf.c(6662,22): warning C4018: “<”: 有符号/无符号不匹配
D:\code\js\quickjs-master\libbf.c(7174,17): warning C4146: 一元负运算符应用于无符号类型，结果仍为无符号类型
D:\code\js\quickjs-master\libbf.c(7190,17): warning C4244: “=”: 从“uint64_t”转换到“uint32_t”，可能丢失数据
D:\code\js\quickjs-master\libbf.c(7192,21): warning C4146: 一元负运算符应用于无符号类型，结果仍为无符号类型
D:\code\js\quickjs-master\libbf.c(7395,12): warning C4244: “=”: 从“dlimb_t”转换到“limb_t”，可能丢失数据
D:\code\js\quickjs-master\libbf.c(7402,10): warning C4244: “=”: 从“dlimb_t”转换到“limb_t”，可能丢失数据
D:\code\js\quickjs-master\libbf.c(7424,14): warning C4244: “return”: 从“dlimb_t”转换到“limb_t”，可能丢失数据
D:\code\js\quickjs-master\libbf.c(8201,24): warning C4244: “=”: 从“dlimb_t”转换到“limb_t”，可能丢失数据
D:\code\js\quickjs-master\libbf.c(8212,20): warning C4244: “=”: 从“dlimb_t”转换到“limb_t”，可能丢失数据
  libhttp.c
D:\code\js\quickjs-master\quickjs.h(524,30): warning C4244: “函数”: 从“int64_t”转换到“int32_t”，可能丢失数据
D:\code\js\quickjs-master\quickjs.h(526,34): warning C4244: “函数”: 从“int64_t”转换到“double”，可能丢失数据
D:\code\js\quickjs-master\libhttp.c(329,17): warning C4996: 'strnicmp': The POSIX name for this item is deprecated. Instead, use the ISO C and C++ conformant name: _strnicmp. See online help for details.
D:\code\js\quickjs-master\libhttp.c(338,22): warning C4996: 'strnicmp': The POSIX name for this item is deprecated. Instead, use the ISO C and C++ conformant name: _strnicmp. See online help for details.
D:\code\js\quickjs-master\libhttp.c(381,11): warning C4996: 'strdup': The POSIX name for this item is deprecated. Instead, use the ISO C and C++ conformant name: _strdup. See online help for details.
D:\code\js\quickjs-master\libhttp.c(407,9): warning C4047: “初始化”:“int”与“void *”的间接级别不同
D:\code\js\quickjs-master\libhttp.c(413,5): warning C4996: 'strnicmp': The POSIX name for this item is deprecated. Instead, use the ISO C and C++ conformant name: _strnicmp. See online help for details.
D:\code\js\quickjs-master\libhttp.c(463,9): warning C4047: “初始化”:“int”与“void *”的间接级别不同
D:\code\js\quickjs-master\libhttp.c(469,5): warning C4996: 'strnicmp': The POSIX name for this item is deprecated. Instead, use the ISO C and C++ conformant name: _strnicmp. See online help for details.
  libregexp.c
D:\code\js\quickjs-master\libregexp.c(468,12): warning C4244: “return”: 从“uint64_t”转换到“int”，可能丢失数据
D:\code\js\quickjs-master\libregexp.c(1896,29): warning C4018: “>”: 有符号/无符号不匹配
D:\code\js\quickjs-master\libregexp.c(2076,21): warning C4267: “=”: 从“size_t”转换到“uint8_t”，可能丢失数据
D:\code\js\quickjs-master\libregexp.c(2260,13): warning C4018: “<”: 有符号/无符号不匹配
D:\code\js\quickjs-master\libregexp.c(2269,17): warning C4018: “<”: 有符号/无符号不匹配
D:\code\js\quickjs-master\libregexp.c(2330,25): warning C4018: “>=”: 有符号/无符号不匹配
  libunicode.c
D:\code\js\quickjs-master\libunicode.c(676,28): warning C4018: “<”: 有符号/无符号不匹配
  quickjs-debugger-transport-win.c
D:\code\js\quickjs-master\quickjs.h(524,30): warning C4244: “函数”: 从“int64_t”转换到“int32_t”，可能丢失数据
D:\code\js\quickjs-master\quickjs.h(526,34): warning C4244: “函数”: 从“int64_t”转换到“double”，可能丢失数据
D:\code\js\quickjs-master\quickjs-debugger-transport-win.c(37,13): warning C4018: “>”: 有符号/无符号不匹配
  quickjs-debugger.c
D:\code\js\quickjs-master\quickjs.h(524,30): warning C4244: “函数”: 从“int64_t”转换到“int32_t”，可能丢失数据
D:\code\js\quickjs-master\quickjs.h(526,34): warning C4244: “函数”: 从“int64_t”转换到“double”，可能丢失数据
D:\code\js\quickjs-master\quickjs-debugger.c(15,19): warning C4018: “<”: 有符号/无符号不匹配
D:\code\js\quickjs-master\quickjs-debugger.c(27,19): warning C4018: “<”: 有符号/无符号不匹配
D:\code\js\quickjs-master\quickjs-debugger.c(312,13): warning C4018: “<”: 有符号/无符号不匹配
D:\code\js\quickjs-master\quickjs-debugger.c(374,30): warning C4018: “<”: 有符号/无符号不匹配
D:\code\js\quickjs-master\quickjs-debugger.c(633,49): warning C4018: “>”: 有符号/无符号不匹配
  quickjs.c
D:\code\js\quickjs-master\quickjs.h(524,30): warning C4244: “函数”: 从“int64_t”转换到“int32_t”，可能丢失数据
D:\code\js\quickjs-master\quickjs.h(526,34): warning C4244: “函数”: 从“int64_t”转换到“double”，可能丢失数据
D:\code\js\quickjs-master\config.h(5,9): warning C4005: “_WIN32_WINNT”: 宏重定义
D:\code\js\quickjs-master\quickjs.c(2214,5): warning C4018: “<”: 有符号/无符号不匹配
D:\code\js\quickjs-master\quickjs.c(2221,5): warning C4018: “<”: 有符号/无符号不匹配
D:\code\js\quickjs-master\quickjs.c(2468,21): warning C4244: “=”: 从“uint64_t”转换到“uint32_t”，可能丢失数据
D:\code\js\quickjs-master\quickjs.c(2519,18): warning C4018: “<”: 有符号/无符号不匹配
D:\code\js\quickjs-master\quickjs.c(2584,18): warning C4018: “<”: 有符号/无符号不匹配
D:\code\js\quickjs-master\quickjs.c(3042,5): warning C4018: “<”: 有符号/无符号不匹配
D:\code\js\quickjs-master\quickjs.c(3058,9): warning C4018: “<”: 有符号/无符号不匹配
D:\code\js\quickjs-master\quickjs.c(3074,34): warning C4018: “<”: 有符号/无符号不匹配
D:\code\js\quickjs-master\quickjs.c(3080,30): warning C4018: “<”: 有符号/无符号不匹配
D:\code\js\quickjs-master\quickjs.c(3115,9): warning C4018: “<”: 有符号/无符号不匹配
D:\code\js\quickjs-master\quickjs.c(3154,9): warning C4018: “<”: 有符号/无符号不匹配
D:\code\js\quickjs-master\quickjs.c(3180,5): warning C4018: “<”: 有符号/无符号不匹配
D:\code\js\quickjs-master\quickjs.c(3406,22): warning C4018: “<”: 有符号/无符号不匹配
D:\code\js\quickjs-master\quickjs.c(3421,18): warning C4018: “<”: 有符号/无符号不匹配
D:\code\js\quickjs-master\quickjs.c(3425,18): warning C4018: “>=”: 有符号/无符号不匹配
D:\code\js\quickjs-master\quickjs.c(3506,23): warning C4244: “初始化”: 从“uint16_t”转换到“uint8_t”，可能丢失数据
D:\code\js\quickjs-master\quickjs.c(3534,40): warning C4244: “=”: 从“uint16_t”转换到“uint8_t”，可能丢失数据
D:\code\js\quickjs-master\quickjs.c(3716,46): warning C4018: “<”: 有符号/无符号不匹配
D:\code\js\quickjs-master\quickjs.c(3769,43): warning C4244: “=”: 从“const uint16_t”转换到“uint8_t”，可能丢失数据
D:\code\js\quickjs-master\quickjs.c(4421,43): warning C4018: “<”: 有符号/无符号不匹配
D:\code\js\quickjs-master\quickjs.c(4445,18): warning C4018: “<”: 有符号/无符号不匹配
D:\code\js\quickjs-master\quickjs.c(4507,37): warning C4018: “<”: 有符号/无符号不匹配
D:\code\js\quickjs-master\quickjs.c(4548,5): warning C4018: “<=”: 有符号/无符号不匹配
D:\code\js\quickjs-master\quickjs.c(4572,18): warning C4018: “<”: 有符号/无符号不匹配
D:\code\js\quickjs-master\quickjs.c(5273,18): warning C4018: “<”: 有符号/无符号不匹配
D:\code\js\quickjs-master\quickjs.c(5285,18): warning C4018: “<”: 有符号/无符号不匹配
D:\code\js\quickjs-master\quickjs.c(6029,35): warning C4018: “<”: 有符号/无符号不匹配
D:\code\js\quickjs-master\quickjs.c(6061,55): warning C4244: “+=”: 从“double”转换到“int64_t”，可能丢失数据
D:\code\js\quickjs-master\quickjs.c(6062,69): warning C4244: “+=”: 从“double”转换到“int64_t”，可能丢失数据
D:\code\js\quickjs-master\quickjs.c(6194,20): warning C4244: “=”: 从“double”转换到“int64_t”，可能丢失数据
D:\code\js\quickjs-master\quickjs.c(6195,19): warning C4244: “=”: 从“double”转换到“int64_t”，可能丢失数据
D:\code\js\quickjs-master\quickjs.c(6197,23): warning C4244: “=”: 从“double”转换到“int64_t”，可能丢失数据
D:\code\js\quickjs-master\quickjs.c(6204,26): warning C4244: “+=”: 从“double”转换到“int64_t”，可能丢失数据
D:\code\js\quickjs-master\quickjs.c(6382,34): warning C4146: 一元负运算符应用于无符号类型，结果仍为无符号类型
D:\code\js\quickjs-master\quickjs.c(6415,26): warning C4146: 一元负运算符应用于无符号类型，结果仍为无符号类型
D:\code\js\quickjs-master\quickjs.c(6457,22): warning C4018: “<”: 有符号/无符号不匹配
D:\code\js\quickjs-master\quickjs.c(7539,30): warning C4018: “<”: 有符号/无符号不匹配
D:\code\js\quickjs-master\quickjs.c(7629,26): warning C4018: “<”: 有符号/无符号不匹配
D:\code\js\quickjs-master\quickjs.c(7943,64): warning C4244: “函数”: 从“int64_t”转换到“uint32_t”，可能丢失数据
D:\code\js\quickjs-master\quickjs.c(7945,66): warning C4244: “函数”: 从“int64_t”转换到“int32_t”，可能丢失数据
D:\code\js\quickjs-master\quickjs.c(7973,63): warning C4244: “函数”: 从“int64_t”转换到“int32_t”，可能丢失数据
D:\code\js\quickjs-master\quickjs.c(8054,19): warning C4018: “>”: 有符号/无符号不匹配
D:\code\js\quickjs-master\quickjs.c(8120,40): warning C4018: “>=”: 有符号/无符号不匹配
D:\code\js\quickjs-master\quickjs.c(8203,28): warning C4018: “<”: 有符号/无符号不匹配
D:\code\js\quickjs-master\quickjs.c(8220,19): warning C4018: “<=”: 有符号/无符号不匹配
D:\code\js\quickjs-master\quickjs.c(8765,43): warning C4244: “=”: 从“double”转换到“float”，可能丢失数据
D:\code\js\quickjs-master\quickjs.c(8811,68): warning C4244: “函数”: 从“int64_t”转换到“int32_t”，可能丢失数据
D:\code\js\quickjs-master\quickjs.c(9716,64): warning C4244: “函数”: 从“int64_t”转换到“uint32_t”，可能丢失数据
D:\code\js\quickjs-master\quickjs.c(10073,13): warning C4244: “=”: 从“uint64_t”转换到“double”，可能丢失数据
D:\code\js\quickjs-master\quickjs.c(11679,18): warning C4018: “<”: 有符号/无符号不匹配
D:\code\js\quickjs-master\quickjs.c(11795,48): warning C4018: “<”: 有符号/无符号不匹配
D:\code\js\quickjs-master\quickjs.c(11827,26): warning C4018: “<”: 有符号/无符号不匹配
D:\code\js\quickjs-master\quickjs.c(14147,38): warning C4244: “函数”: 从“int64_t”转换到“slimb_t”，可能丢失数据
D:\code\js\quickjs-master\quickjs.c(14186,32): warning C4244: “函数”: 从“int64_t”转换到“slimb_t”，可能丢失数据
D:\code\js\quickjs-master\quickjs.c(15172,22): warning C4018: “<”: 有符号/无符号不匹配
D:\code\js\quickjs-master\quickjs.c(15190,22): warning C4018: “<”: 有符号/无符号不匹配
D:\code\js\quickjs-master\quickjs.c(15250,25): warning C4018: “>=”: 有符号/无符号不匹配
D:\code\js\quickjs-master\quickjs.c(17424,21): warning C4018: “>=”: 有符号/无符号不匹配
D:\code\js\quickjs-master\quickjs.c(17964,47): warning C4244: “函数”: 从“int64_t”转换到“int32_t”，可能丢失数据
D:\code\js\quickjs-master\quickjs.c(17992,44): warning C4244: “函数”: 从“int64_t”转换到“int32_t”，可能丢失数据
D:\code\js\quickjs-master\quickjs.c(18029,47): warning C4244: “函数”: 从“int64_t”转换到“int32_t”，可能丢失数据
D:\code\js\quickjs-master\quickjs.c(18066,47): warning C4244: “函数”: 从“int64_t”转换到“int32_t”，可能丢失数据
D:\code\js\quickjs-master\quickjs.c(16363,9): warning C4102: “stub_OP_push_i32”: 未引用的标签
D:\code\js\quickjs-master\quickjs.c(16367,9): warning C4102: “stub_OP_push_const”: 未引用的标签
D:\code\js\quickjs-master\quickjs.c(16372,9): warning C4102: “stub_OP_push_minus1”: 未引用的标签
D:\code\js\quickjs-master\quickjs.c(16373,9): warning C4102: “stub_OP_push_0”: 未引用的标签
D:\code\js\quickjs-master\quickjs.c(16374,9): warning C4102: “stub_OP_push_1”: 未引用的标签
D:\code\js\quickjs-master\quickjs.c(16375,9): warning C4102: “stub_OP_push_2”: 未引用的标签
D:\code\js\quickjs-master\quickjs.c(16376,9): warning C4102: “stub_OP_push_3”: 未引用的标签
D:\code\js\quickjs-master\quickjs.c(16377,9): warning C4102: “stub_OP_push_4”: 未引用的标签
D:\code\js\quickjs-master\quickjs.c(16378,9): warning C4102: “stub_OP_push_5”: 未引用的标签
D:\code\js\quickjs-master\quickjs.c(16379,9): warning C4102: “stub_OP_push_6”: 未引用的标签
D:\code\js\quickjs-master\quickjs.c(16380,9): warning C4102: “stub_OP_push_7”: 未引用的标签
D:\code\js\quickjs-master\quickjs.c(16383,9): warning C4102: “stub_OP_push_i8”: 未引用的标签
D:\code\js\quickjs-master\quickjs.c(16387,9): warning C4102: “stub_OP_push_i16”: 未引用的标签
D:\code\js\quickjs-master\quickjs.c(16391,9): warning C4102: “stub_OP_push_const8”: 未引用的标签
D:\code\js\quickjs-master\quickjs.c(16394,9): warning C4102: “stub_OP_fclosure8”: 未引用的标签
D:\code\js\quickjs-master\quickjs.c(16399,9): warning C4102: “stub_OP_push_empty_string”: 未引用的标签
D:\code\js\quickjs-master\quickjs.c(16402,9): warning C4102: “stub_OP_get_length”: 未引用的标签
D:\code\js\quickjs-master\quickjs.c(16414,9): warning C4102: “stub_OP_push_atom_value”: 未引用的标签
D:\code\js\quickjs-master\quickjs.c(16418,9): warning C4102: “stub_OP_undefined”: 未引用的标签
D:\code\js\quickjs-master\quickjs.c(16421,9): warning C4102: “stub_OP_null”: 未引用的标签
D:\code\js\quickjs-master\quickjs.c(16424,9): warning C4102: “stub_OP_push_this”: 未引用的标签
D:\code\js\quickjs-master\quickjs.c(16446,9): warning C4102: “stub_OP_push_false”: 未引用的标签
D:\code\js\quickjs-master\quickjs.c(16449,9): warning C4102: “stub_OP_push_true”: 未引用的标签
D:\code\js\quickjs-master\quickjs.c(16452,9): warning C4102: “stub_OP_object”: 未引用的标签
D:\code\js\quickjs-master\quickjs.c(16457,9): warning C4102: “stub_OP_special_object”: 未引用的标签
D:\code\js\quickjs-master\quickjs.c(16503,9): warning C4102: “stub_OP_rest”: 未引用的标签
D:\code\js\quickjs-master\quickjs.c(16513,9): warning C4102: “stub_OP_drop”: 未引用的标签
D:\code\js\quickjs-master\quickjs.c(16517,9): warning C4102: “stub_OP_nip”: 未引用的标签
D:\code\js\quickjs-master\quickjs.c(16522,9): warning C4102: “stub_OP_nip1”: 未引用的标签
D:\code\js\quickjs-master\quickjs.c(16528,9): warning C4102: “stub_OP_dup”: 未引用的标签
D:\code\js\quickjs-master\quickjs.c(16532,9): warning C4102: “stub_OP_dup2”: 未引用的标签
D:\code\js\quickjs-master\quickjs.c(16537,9): warning C4102: “stub_OP_dup3”: 未引用的标签
D:\code\js\quickjs-master\quickjs.c(16543,9): warning C4102: “stub_OP_dup1”: 未引用的标签
D:\code\js\quickjs-master\quickjs.c(16548,9): warning C4102: “stub_OP_insert2”: 未引用的标签
D:\code\js\quickjs-master\quickjs.c(16554,9): warning C4102: “stub_OP_insert3”: 未引用的标签
D:\code\js\quickjs-master\quickjs.c(16561,9): warning C4102: “stub_OP_insert4”: 未引用的标签
D:\code\js\quickjs-master\quickjs.c(16569,9): warning C4102: “stub_OP_perm3”: 未引用的标签
D:\code\js\quickjs-master\quickjs.c(16577,9): warning C4102: “stub_OP_rot3l”: 未引用的标签
D:\code\js\quickjs-master\quickjs.c(16586,9): warning C4102: “stub_OP_rot4l”: 未引用的标签
D:\code\js\quickjs-master\quickjs.c(16596,9): warning C4102: “stub_OP_rot5l”: 未引用的标签
D:\code\js\quickjs-master\quickjs.c(16607,9): warning C4102: “stub_OP_rot3r”: 未引用的标签
D:\code\js\quickjs-master\quickjs.c(16616,9): warning C4102: “stub_OP_perm4”: 未引用的标签
D:\code\js\quickjs-master\quickjs.c(16625,9): warning C4102: “stub_OP_perm5”: 未引用的标签
D:\code\js\quickjs-master\quickjs.c(16635,9): warning C4102: “stub_OP_swap”: 未引用的标签
D:\code\js\quickjs-master\quickjs.c(16643,9): warning C4102: “stub_OP_swap2”: 未引用的标签
D:\code\js\quickjs-master\quickjs.c(16655,9): warning C4102: “stub_OP_fclosure”: 未引用的标签
D:\code\js\quickjs-master\quickjs.c(16665,9): warning C4102: “stub_OP_call0”: 未引用的标签
D:\code\js\quickjs-master\quickjs.c(16666,9): warning C4102: “stub_OP_call1”: 未引用的标签
D:\code\js\quickjs-master\quickjs.c(16667,9): warning C4102: “stub_OP_call2”: 未引用的标签
D:\code\js\quickjs-master\quickjs.c(16668,9): warning C4102: “stub_OP_call3”: 未引用的标签
D:\code\js\quickjs-master\quickjs.c(16672,9): warning C4102: “stub_OP_call”: 未引用的标签
D:\code\js\quickjs-master\quickjs.c(16673,9): warning C4102: “stub_OP_tail_call”: 未引用的标签
D:\code\js\quickjs-master\quickjs.c(16693,9): warning C4102: “stub_OP_call_constructor”: 未引用的标签
D:\code\js\quickjs-master\quickjs.c(16710,9): warning C4102: “stub_OP_call_method”: 未引用的标签
D:\code\js\quickjs-master\quickjs.c(16711,9): warning C4102: “stub_OP_tail_call_method”: 未引用的标签
D:\code\js\quickjs-master\quickjs.c(16729,9): warning C4102: “stub_OP_array_from”: 未引用的标签
D:\code\js\quickjs-master\quickjs.c(16753,9): warning C4102: “stub_OP_apply”: 未引用的标签
D:\code\js\quickjs-master\quickjs.c(16769,9): warning C4102: “stub_OP_return”: 未引用的标签
D:\code\js\quickjs-master\quickjs.c(16772,9): warning C4102: “stub_OP_return_undef”: 未引用的标签
D:\code\js\quickjs-master\quickjs.c(16776,9): warning C4102: “stub_OP_check_ctor_return”: 未引用的标签
D:\code\js\quickjs-master\quickjs.c(16789,9): warning C4102: “stub_OP_check_ctor”: 未引用的标签
D:\code\js\quickjs-master\quickjs.c(16795,9): warning C4102: “stub_OP_check_brand”: 未引用的标签
D:\code\js\quickjs-master\quickjs.c(16799,9): warning C4102: “stub_OP_add_brand”: 未引用的标签
D:\code\js\quickjs-master\quickjs.c(16807,9): warning C4102: “stub_OP_throw”: 未引用的标签
D:\code\js\quickjs-master\quickjs.c(16811,9): warning C4102: “stub_OP_throw_error”: 未引用的标签
D:\code\js\quickjs-master\quickjs.c(16842,9): warning C4102: “stub_OP_eval”: 未引用的标签
D:\code\js\quickjs-master\quickjs.c(16871,9): warning C4102: “stub_OP_apply_eval”: 未引用的标签
D:\code\js\quickjs-master\quickjs.c(16904,9): warning C4102: “stub_OP_regexp”: 未引用的标签
D:\code\js\quickjs-master\quickjs.c(16912,9): warning C4102: “stub_OP_get_super”: 未引用的标签
D:\code\js\quickjs-master\quickjs.c(16923,9): warning C4102: “stub_OP_import”: 未引用的标签
D:\code\js\quickjs-master\quickjs.c(16934,9): warning C4102: “stub_OP_check_var”: 未引用的标签
D:\code\js\quickjs-master\quickjs.c(16948,9): warning C4102: “stub_OP_get_var_undef”: 未引用的标签
D:\code\js\quickjs-master\quickjs.c(16949,9): warning C4102: “stub_OP_get_var”: 未引用的标签
D:\code\js\quickjs-master\quickjs.c(16963,9): warning C4102: “stub_OP_put_var”: 未引用的标签
D:\code\js\quickjs-master\quickjs.c(16964,9): warning C4102: “stub_OP_put_var_init”: 未引用的标签
D:\code\js\quickjs-master\quickjs.c(16978,9): warning C4102: “stub_OP_put_var_strict”: 未引用的标签
D:\code\js\quickjs-master\quickjs.c(16997,9): warning C4102: “stub_OP_check_define_var”: 未引用的标签
D:\code\js\quickjs-master\quickjs.c(17008,9): warning C4102: “stub_OP_define_var”: 未引用的标签
D:\code\js\quickjs-master\quickjs.c(17019,9): warning C4102: “stub_OP_define_func”: 未引用的标签
D:\code\js\quickjs-master\quickjs.c(17033,9): warning C4102: “stub_OP_get_loc”: 未引用的标签
D:\code\js\quickjs-master\quickjs.c(17042,9): warning C4102: “stub_OP_put_loc”: 未引用的标签
D:\code\js\quickjs-master\quickjs.c(17051,9): warning C4102: “stub_OP_set_loc”: 未引用的标签
D:\code\js\quickjs-master\quickjs.c(17059,9): warning C4102: “stub_OP_get_arg”: 未引用的标签
D:\code\js\quickjs-master\quickjs.c(17068,9): warning C4102: “stub_OP_put_arg”: 未引用的标签
D:\code\js\quickjs-master\quickjs.c(17077,9): warning C4102: “stub_OP_set_arg”: 未引用的标签
D:\code\js\quickjs-master\quickjs.c(17087,9): warning C4102: “stub_OP_get_loc8”: 未引用的标签
D:\code\js\quickjs-master\quickjs.c(17088,9): warning C4102: “stub_OP_put_loc8”: 未引用的标签
D:\code\js\quickjs-master\quickjs.c(17089,9): warning C4102: “stub_OP_set_loc8”: 未引用的标签
D:\code\js\quickjs-master\quickjs.c(17091,9): warning C4102: “stub_OP_get_loc0”: 未引用的标签
D:\code\js\quickjs-master\quickjs.c(17092,9): warning C4102: “stub_OP_get_loc1”: 未引用的标签
D:\code\js\quickjs-master\quickjs.c(17093,9): warning C4102: “stub_OP_get_loc2”: 未引用的标签
D:\code\js\quickjs-master\quickjs.c(17094,9): warning C4102: “stub_OP_get_loc3”: 未引用的标签
D:\code\js\quickjs-master\quickjs.c(17095,9): warning C4102: “stub_OP_put_loc0”: 未引用的标签
D:\code\js\quickjs-master\quickjs.c(17096,9): warning C4102: “stub_OP_put_loc1”: 未引用的标签
D:\code\js\quickjs-master\quickjs.c(17097,9): warning C4102: “stub_OP_put_loc2”: 未引用的标签
D:\code\js\quickjs-master\quickjs.c(17098,9): warning C4102: “stub_OP_put_loc3”: 未引用的标签
D:\code\js\quickjs-master\quickjs.c(17099,9): warning C4102: “stub_OP_set_loc0”: 未引用的标签
D:\code\js\quickjs-master\quickjs.c(17100,9): warning C4102: “stub_OP_set_loc1”: 未引用的标签
D:\code\js\quickjs-master\quickjs.c(17101,9): warning C4102: “stub_OP_set_loc2”: 未引用的标签
D:\code\js\quickjs-master\quickjs.c(17102,9): warning C4102: “stub_OP_set_loc3”: 未引用的标签
D:\code\js\quickjs-master\quickjs.c(17103,9): warning C4102: “stub_OP_get_arg0”: 未引用的标签
D:\code\js\quickjs-master\quickjs.c(17104,9): warning C4102: “stub_OP_get_arg1”: 未引用的标签
D:\code\js\quickjs-master\quickjs.c(17105,9): warning C4102: “stub_OP_get_arg2”: 未引用的标签
D:\code\js\quickjs-master\quickjs.c(17106,9): warning C4102: “stub_OP_get_arg3”: 未引用的标签
D:\code\js\quickjs-master\quickjs.c(17107,9): warning C4102: “stub_OP_put_arg0”: 未引用的标签
D:\code\js\quickjs-master\quickjs.c(17108,9): warning C4102: “stub_OP_put_arg1”: 未引用的标签
D:\code\js\quickjs-master\quickjs.c(17109,9): warning C4102: “stub_OP_put_arg2”: 未引用的标签
D:\code\js\quickjs-master\quickjs.c(17110,9): warning C4102: “stub_OP_put_arg3”: 未引用的标签
D:\code\js\quickjs-master\quickjs.c(17111,9): warning C4102: “stub_OP_set_arg0”: 未引用的标签
D:\code\js\quickjs-master\quickjs.c(17112,9): warning C4102: “stub_OP_set_arg1”: 未引用的标签
D:\code\js\quickjs-master\quickjs.c(17113,9): warning C4102: “stub_OP_set_arg2”: 未引用的标签
D:\code\js\quickjs-master\quickjs.c(17114,9): warning C4102: “stub_OP_set_arg3”: 未引用的标签
D:\code\js\quickjs-master\quickjs.c(17115,9): warning C4102: “stub_OP_get_var_ref0”: 未引用的标签
D:\code\js\quickjs-master\quickjs.c(17116,9): warning C4102: “stub_OP_get_var_ref1”: 未引用的标签
D:\code\js\quickjs-master\quickjs.c(17117,9): warning C4102: “stub_OP_get_var_ref2”: 未引用的标签
D:\code\js\quickjs-master\quickjs.c(17118,9): warning C4102: “stub_OP_get_var_ref3”: 未引用的标签
D:\code\js\quickjs-master\quickjs.c(17119,9): warning C4102: “stub_OP_put_var_ref0”: 未引用的标签
D:\code\js\quickjs-master\quickjs.c(17120,9): warning C4102: “stub_OP_put_var_ref1”: 未引用的标签
D:\code\js\quickjs-master\quickjs.c(17121,9): warning C4102: “stub_OP_put_var_ref2”: 未引用的标签
D:\code\js\quickjs-master\quickjs.c(17122,9): warning C4102: “stub_OP_put_var_ref3”: 未引用的标签
D:\code\js\quickjs-master\quickjs.c(17123,9): warning C4102: “stub_OP_set_var_ref0”: 未引用的标签
D:\code\js\quickjs-master\quickjs.c(17124,9): warning C4102: “stub_OP_set_var_ref1”: 未引用的标签
D:\code\js\quickjs-master\quickjs.c(17125,9): warning C4102: “stub_OP_set_var_ref2”: 未引用的标签
D:\code\js\quickjs-master\quickjs.c(17126,9): warning C4102: “stub_OP_set_var_ref3”: 未引用的标签
D:\code\js\quickjs-master\quickjs.c(17129,9): warning C4102: “stub_OP_get_var_ref”: 未引用的标签
D:\code\js\quickjs-master\quickjs.c(17140,9): warning C4102: “stub_OP_put_var_ref”: 未引用的标签
D:\code\js\quickjs-master\quickjs.c(17149,9): warning C4102: “stub_OP_set_var_ref”: 未引用的标签
D:\code\js\quickjs-master\quickjs.c(17157,9): warning C4102: “stub_OP_get_var_ref_check”: 未引用的标签
D:\code\js\quickjs-master\quickjs.c(17172,9): warning C4102: “stub_OP_put_var_ref_check”: 未引用的标签
D:\code\js\quickjs-master\quickjs.c(17185,9): warning C4102: “stub_OP_put_var_ref_check_init”: 未引用的标签
D:\code\js\quickjs-master\quickjs.c(17198,9): warning C4102: “stub_OP_set_loc_uninitialized”: 未引用的标签
D:\code\js\quickjs-master\quickjs.c(17206,9): warning C4102: “stub_OP_get_loc_check”: 未引用的标签
D:\code\js\quickjs-master\quickjs.c(17219,9): warning C4102: “stub_OP_put_loc_check”: 未引用的标签
D:\code\js\quickjs-master\quickjs.c(17232,9): warning C4102: “stub_OP_put_loc_check_init”: 未引用的标签
D:\code\js\quickjs-master\quickjs.c(17245,9): warning C4102: “stub_OP_close_loc”: 未引用的标签
D:\code\js\quickjs-master\quickjs.c(17254,9): warning C4102: “stub_OP_make_loc_ref”: 未引用的标签
D:\code\js\quickjs-master\quickjs.c(17255,9): warning C4102: “stub_OP_make_arg_ref”: 未引用的标签
D:\code\js\quickjs-master\quickjs.c(17256,9): warning C4102: “stub_OP_make_var_ref_ref”: 未引用的标签
D:\code\js\quickjs-master\quickjs.c(17286,9): warning C4102: “stub_OP_make_var_ref”: 未引用的标签
D:\code\js\quickjs-master\quickjs.c(17298,9): warning C4102: “stub_OP_goto”: 未引用的标签
D:\code\js\quickjs-master\quickjs.c(17304,9): warning C4102: “stub_OP_goto16”: 未引用的标签
D:\code\js\quickjs-master\quickjs.c(17309,9): warning C4102: “stub_OP_goto8”: 未引用的标签
D:\code\js\quickjs-master\quickjs.c(17315,9): warning C4102: “stub_OP_if_true”: 未引用的标签
D:\code\js\quickjs-master\quickjs.c(17335,9): warning C4102: “stub_OP_if_false”: 未引用的标签
D:\code\js\quickjs-master\quickjs.c(17356,9): warning C4102: “stub_OP_if_true8”: 未引用的标签
D:\code\js\quickjs-master\quickjs.c(17376,9): warning C4102: “stub_OP_if_false8”: 未引用的标签
D:\code\js\quickjs-master\quickjs.c(17397,9): warning C4102: “stub_OP_catch”: 未引用的标签
D:\code\js\quickjs-master\quickjs.c(17406,9): warning C4102: “stub_OP_gosub”: 未引用的标签
D:\code\js\quickjs-master\quickjs.c(17416,9): warning C4102: “stub_OP_ret”: 未引用的标签
D:\code\js\quickjs-master\quickjs.c(17434,9): warning C4102: “stub_OP_for_in_start”: 未引用的标签
D:\code\js\quickjs-master\quickjs.c(17438,9): warning C4102: “stub_OP_for_in_next”: 未引用的标签
D:\code\js\quickjs-master\quickjs.c(17443,9): warning C4102: “stub_OP_for_of_start”: 未引用的标签
D:\code\js\quickjs-master\quickjs.c(17449,9): warning C4102: “stub_OP_for_of_next”: 未引用的标签
D:\code\js\quickjs-master\quickjs.c(17458,9): warning C4102: “stub_OP_for_await_of_start”: 未引用的标签
D:\code\js\quickjs-master\quickjs.c(17464,9): warning C4102: “stub_OP_iterator_get_value_done”: 未引用的标签
D:\code\js\quickjs-master\quickjs.c(17469,9): warning C4102: “stub_OP_iterator_check_object”: 未引用的标签
D:\code\js\quickjs-master\quickjs.c(17476,9): warning C4102: “stub_OP_iterator_close”: 未引用的标签
D:\code\js\quickjs-master\quickjs.c(17488,9): warning C4102: “stub_OP_iterator_close_return”: 未引用的标签
D:\code\js\quickjs-master\quickjs.c(17511,9): warning C4102: “stub_OP_iterator_next”: 未引用的标签
D:\code\js\quickjs-master\quickjs.c(17524,9): warning C4102: “stub_OP_iterator_call”: 未引用的标签
D:\code\js\quickjs-master\quickjs.c(17557,9): warning C4102: “stub_OP_lnot”: 未引用的标签
D:\code\js\quickjs-master\quickjs.c(17572,9): warning C4102: “stub_OP_get_field”: 未引用的标签
D:\code\js\quickjs-master\quickjs.c(17587,9): warning C4102: “stub_OP_get_field2”: 未引用的标签
D:\code\js\quickjs-master\quickjs.c(17601,9): warning C4102: “stub_OP_put_field”: 未引用的标签
D:\code\js\quickjs-master\quickjs.c(17617,9): warning C4102: “stub_OP_private_symbol”: 未引用的标签
D:\code\js\quickjs-master\quickjs.c(17631,9): warning C4102: “stub_OP_get_private_field”: 未引用的标签
D:\code\js\quickjs-master\quickjs.c(17645,9): warning C4102: “stub_OP_put_private_field”: 未引用的标签
D:\code\js\quickjs-master\quickjs.c(17657,9): warning C4102: “stub_OP_define_private_field”: 未引用的标签
D:\code\js\quickjs-master\quickjs.c(17668,9): warning C4102: “stub_OP_define_field”: 未引用的标签
D:\code\js\quickjs-master\quickjs.c(17683,9): warning C4102: “stub_OP_set_name”: 未引用的标签
D:\code\js\quickjs-master\quickjs.c(17695,9): warning C4102: “stub_OP_set_name_computed”: 未引用的标签
D:\code\js\quickjs-master\quickjs.c(17703,9): warning C4102: “stub_OP_set_proto”: 未引用的标签
D:\code\js\quickjs-master\quickjs.c(17715,9): warning C4102: “stub_OP_set_home_object”: 未引用的标签
D:\code\js\quickjs-master\quickjs.c(17718,9): warning C4102: “stub_OP_define_method”: 未引用的标签
D:\code\js\quickjs-master\quickjs.c(17719,9): warning C4102: “stub_OP_define_method_computed”: 未引用的标签
D:\code\js\quickjs-master\quickjs.c(17778,9): warning C4102: “stub_OP_define_class”: 未引用的标签
D:\code\js\quickjs-master\quickjs.c(17779,9): warning C4102: “stub_OP_define_class_computed”: 未引用的标签
D:\code\js\quickjs-master\quickjs.c(17794,9): warning C4102: “stub_OP_get_array_el”: 未引用的标签
D:\code\js\quickjs-master\quickjs.c(17807,9): warning C4102: “stub_OP_get_array_el2”: 未引用的标签
D:\code\js\quickjs-master\quickjs.c(17818,9): warning C4102: “stub_OP_get_ref_value”: 未引用的标签
D:\code\js\quickjs-master\quickjs.c(17838,9): warning C4102: “stub_OP_get_super_value”: 未引用的标签
D:\code\js\quickjs-master\quickjs.c(17857,9): warning C4102: “stub_OP_put_array_el”: 未引用的标签
D:\code\js\quickjs-master\quickjs.c(17869,9): warning C4102: “stub_OP_put_ref_value”: 未引用的标签
D:\code\js\quickjs-master\quickjs.c(17896,9): warning C4102: “stub_OP_put_super_value”: 未引用的标签
D:\code\js\quickjs-master\quickjs.c(17919,9): warning C4102: “stub_OP_define_array_el”: 未引用的标签
D:\code\js\quickjs-master\quickjs.c(17930,9): warning C4102: “stub_OP_append”: 未引用的标签
D:\code\js\quickjs-master\quickjs.c(17938,9): warning C4102: “stub_OP_copy_data_properties”: 未引用的标签
D:\code\js\quickjs-master\quickjs.c(17954,9): warning C4102: “stub_OP_add”: 未引用的标签
D:\code\js\quickjs-master\quickjs.c(17978,9): warning C4102: “stub_OP_add_loc”: 未引用的标签
D:\code\js\quickjs-master\quickjs.c(18019,9): warning C4102: “stub_OP_sub”: 未引用的标签
D:\code\js\quickjs-master\quickjs.c(18040,9): warning C4102: “stub_OP_mul”: 未引用的标签
D:\code\js\quickjs-master\quickjs.c(18082,9): warning C4102: “stub_OP_div”: 未引用的标签
D:\code\js\quickjs-master\quickjs.c(18100,9): warning C4102: “stub_OP_mod”: 未引用的标签
D:\code\js\quickjs-master\quickjs.c(18102,9): warning C4102: “stub_OP_math_mod”: 未引用的标签
D:\code\js\quickjs-master\quickjs.c(18124,9): warning C4102: “stub_OP_pow”: 未引用的标签
D:\code\js\quickjs-master\quickjs.c(18131,9): warning C4102: “stub_OP_plus”: 未引用的标签
D:\code\js\quickjs-master\quickjs.c(18144,9): warning C4102: “stub_OP_neg”: 未引用的标签
D:\code\js\quickjs-master\quickjs.c(18174,9): warning C4102: “stub_OP_inc”: 未引用的标签
D:\code\js\quickjs-master\quickjs.c(18191,9): warning C4102: “stub_OP_dec”: 未引用的标签
D:\code\js\quickjs-master\quickjs.c(18208,9): warning C4102: “stub_OP_post_inc”: 未引用的标签
D:\code\js\quickjs-master\quickjs.c(18209,9): warning C4102: “stub_OP_post_dec”: 未引用的标签
D:\code\js\quickjs-master\quickjs.c(18214,9): warning C4102: “stub_OP_inc_loc”: 未引用的标签
D:\code\js\quickjs-master\quickjs.c(18239,9): warning C4102: “stub_OP_dec_loc”: 未引用的标签
D:\code\js\quickjs-master\quickjs.c(18264,9): warning C4102: “stub_OP_not”: 未引用的标签
D:\code\js\quickjs-master\quickjs.c(18277,9): warning C4102: “stub_OP_shl”: 未引用的标签
D:\code\js\quickjs-master\quickjs.c(18314,9): warning C4102: “stub_OP_shr”: 未引用的标签
D:\code\js\quickjs-master\quickjs.c(18335,9): warning C4102: “stub_OP_sar”: 未引用的标签
D:\code\js\quickjs-master\quickjs.c(18366,9): warning C4102: “stub_OP_and”: 未引用的标签
D:\code\js\quickjs-master\quickjs.c(18383,9): warning C4102: “stub_OP_or”: 未引用的标签
D:\code\js\quickjs-master\quickjs.c(18400,9): warning C4102: “stub_OP_xor”: 未引用的标签
D:\code\js\quickjs-master\quickjs.c(18436,13): warning C4102: “stub_OP_lt”: 未引用的标签
D:\code\js\quickjs-master\quickjs.c(18437,13): warning C4102: “stub_OP_lte”: 未引用的标签
D:\code\js\quickjs-master\quickjs.c(18438,13): warning C4102: “stub_OP_gt”: 未引用的标签
D:\code\js\quickjs-master\quickjs.c(18439,13): warning C4102: “stub_OP_gte”: 未引用的标签
D:\code\js\quickjs-master\quickjs.c(18440,13): warning C4102: “stub_OP_eq”: 未引用的标签
D:\code\js\quickjs-master\quickjs.c(18441,13): warning C4102: “stub_OP_neq”: 未引用的标签
D:\code\js\quickjs-master\quickjs.c(18442,13): warning C4102: “stub_OP_strict_eq”: 未引用的标签
D:\code\js\quickjs-master\quickjs.c(18443,13): warning C4102: “stub_OP_strict_neq”: 未引用的标签
D:\code\js\quickjs-master\quickjs.c(18446,9): warning C4102: “stub_OP_mul_pow10”: 未引用的标签
D:\code\js\quickjs-master\quickjs.c(18452,9): warning C4102: “stub_OP_in”: 未引用的标签
D:\code\js\quickjs-master\quickjs.c(18457,9): warning C4102: “stub_OP_instanceof”: 未引用的标签
D:\code\js\quickjs-master\quickjs.c(18462,9): warning C4102: “stub_OP_typeof”: 未引用的标签
D:\code\js\quickjs-master\quickjs.c(18473,9): warning C4102: “stub_OP_delete”: 未引用的标签
D:\code\js\quickjs-master\quickjs.c(18478,9): warning C4102: “stub_OP_delete_var”: 未引用的标签
D:\code\js\quickjs-master\quickjs.c(18493,9): warning C4102: “stub_OP_to_object”: 未引用的标签
D:\code\js\quickjs-master\quickjs.c(18503,9): warning C4102: “stub_OP_to_propkey”: 未引用的标签
D:\code\js\quickjs-master\quickjs.c(18519,9): warning C4102: “stub_OP_to_propkey2”: 未引用的标签
D:\code\js\quickjs-master\quickjs.c(18550,9): warning C4102: “stub_OP_with_get_var”: 未引用的标签
D:\code\js\quickjs-master\quickjs.c(18551,9): warning C4102: “stub_OP_with_put_var”: 未引用的标签
D:\code\js\quickjs-master\quickjs.c(18552,9): warning C4102: “stub_OP_with_delete_var”: 未引用的标签
D:\code\js\quickjs-master\quickjs.c(18553,9): warning C4102: “stub_OP_with_make_ref”: 未引用的标签
D:\code\js\quickjs-master\quickjs.c(18554,9): warning C4102: “stub_OP_with_get_ref”: 未引用的标签
D:\code\js\quickjs-master\quickjs.c(18555,9): warning C4102: “stub_OP_with_get_ref_undef”: 未引用的标签
D:\code\js\quickjs-master\quickjs.c(18632,9): warning C4102: “stub_OP_await”: 未引用的标签
D:\code\js\quickjs-master\quickjs.c(18635,9): warning C4102: “stub_OP_yield”: 未引用的标签
D:\code\js\quickjs-master\quickjs.c(18638,9): warning C4102: “stub_OP_yield_star”: 未引用的标签
D:\code\js\quickjs-master\quickjs.c(18639,9): warning C4102: “stub_OP_async_yield_star”: 未引用的标签
D:\code\js\quickjs-master\quickjs.c(18642,9): warning C4102: “stub_OP_return_async”: 未引用的标签
D:\code\js\quickjs-master\quickjs.c(18643,9): warning C4102: “stub_OP_initial_yield”: 未引用的标签
D:\code\js\quickjs-master\quickjs.c(18647,9): warning C4102: “stub_OP_nop”: 未引用的标签
D:\code\js\quickjs-master\quickjs.c(18649,9): warning C4102: “stub_OP_is_undefined_or_null”: 未引用的标签
D:\code\js\quickjs-master\quickjs.c(18657,9): warning C4102: “stub_OP_is_undefined”: 未引用的标签
D:\code\js\quickjs-master\quickjs.c(18663,9): warning C4102: “stub_OP_is_null”: 未引用的标签
D:\code\js\quickjs-master\quickjs.c(18670,9): warning C4102: “stub_OP_typeof_is_undefined”: 未引用的标签
D:\code\js\quickjs-master\quickjs.c(18677,9): warning C4102: “stub_OP_typeof_is_function”: 未引用的标签
D:\code\js\quickjs-master\quickjs.c(18693,9): warning C4102: “stub_OP_invalid”: 未引用的标签
D:\code\js\quickjs-master\quickjs.c(31194,12): warning C4018: “>=”: 有符号/无符号不匹配
D:\code\js\quickjs-master\quickjs.c(32234,56): warning C4018: “>”: 有符号/无符号不匹配
D:\code\js\quickjs-master\quickjs.c(32300,23): warning C4018: “>=”: 有符号/无符号不匹配
D:\code\js\quickjs-master\quickjs.c(33853,18): warning C4018: “<”: 有符号/无符号不匹配
D:\code\js\quickjs-master\quickjs.c(33873,9): warning C4018: “>=”: 有符号/无符号不匹配
D:\code\js\quickjs-master\quickjs.c(33875,30): warning C4018: “<=”: 有符号/无符号不匹配
D:\code\js\quickjs-master\quickjs.c(34051,14): warning C4018: “<”: 有符号/无符号不匹配
D:\code\js\quickjs-master\quickjs.c(34055,14): warning C4018: “>=”: 有符号/无符号不匹配
D:\code\js\quickjs-master\quickjs.c(34208,22): warning C4018: “<”: 有符号/无符号不匹配
D:\code\js\quickjs-master\quickjs.c(34257,23): warning C4244: “函数”: 从“int64_t”转换到“int32_t”，可能丢失数据
D:\code\js\quickjs-master\quickjs.c(34544,47): warning C4018: “<”: 有符号/无符号不匹配
D:\code\js\quickjs-master\quickjs.c(34989,13): warning C4018: “<”: 有符号/无符号不匹配
D:\code\js\quickjs-master\quickjs.c(35049,31): warning C4018: “<”: 有符号/无符号不匹配
D:\code\js\quickjs-master\quickjs.c(35084,13): warning C4018: “<”: 有符号/无符号不匹配
D:\code\js\quickjs-master\quickjs.c(35096,16): warning C4018: “<”: 有符号/无符号不匹配
D:\code\js\quickjs-master\quickjs.c(35709,9): warning C4018: “<”: 有符号/无符号不匹配
D:\code\js\quickjs-master\quickjs.c(35901,21): warning C4018: “>=”: 有符号/无符号不匹配
D:\code\js\quickjs-master\quickjs.c(35943,18): warning C4018: “<”: 有符号/无符号不匹配
D:\code\js\quickjs-master\quickjs.c(35962,22): warning C4018: “<”: 有符号/无符号不匹配
D:\code\js\quickjs-master\quickjs.c(38146,44): warning C4244: “函数”: 从“int64_t”转换到“int32_t”，可能丢失数据
D:\code\js\quickjs-master\quickjs.c(38179,44): warning C4244: “函数”: 从“int64_t”转换到“int32_t”，可能丢失数据
D:\code\js\quickjs-master\quickjs.c(38191,66): warning C4244: “函数”: 从“int64_t”转换到“uint32_t”，可能丢失数据
D:\code\js\quickjs-master\quickjs.c(38450,36): warning C4244: “函数”: 从“int64_t”转换到“int32_t”，可能丢失数据
D:\code\js\quickjs-master\quickjs.c(38506,68): warning C4244: “函数”: 从“int64_t”转换到“int32_t”，可能丢失数据
D:\code\js\quickjs-master\quickjs.c(38529,36): warning C4244: “函数”: 从“int64_t”转换到“int32_t”，可能丢失数据
D:\code\js\quickjs-master\quickjs.c(38723,28): warning C4244: “函数”: 从“int64_t”转换到“int”，可能丢失数据
D:\code\js\quickjs-master\quickjs.c(38937,45): warning C4244: “函数”: 从“int64_t”转换到“uint32_t”，可能丢失数据
D:\code\js\quickjs-master\quickjs.c(39041,43): warning C4244: “函数”: 从“int64_t”转换到“uint32_t”，可能丢失数据
D:\code\js\quickjs-master\quickjs.c(39046,25): warning C4244: “函数”: 从“int64_t”转换到“size_t”，可能丢失数据
D:\code\js\quickjs-master\quickjs.c(39054,28): warning C4244: “=”: 从“int64_t”转换到“uint32_t”，可能丢失数据
D:\code\js\quickjs-master\quickjs.c(39055,47): warning C4244: “函数”: 从“int64_t”转换到“int32_t”，可能丢失数据
D:\code\js\quickjs-master\quickjs.c(40401,24): warning C4018: “>=”: 有符号/无符号不匹配
D:\code\js\quickjs-master\quickjs.c(40429,24): warning C4018: “>=”: 有符号/无符号不匹配
D:\code\js\quickjs-master\quickjs.c(40457,24): warning C4018: “>=”: 有符号/无符号不匹配
D:\code\js\quickjs-master\quickjs.c(40571,27): warning C4244: “=”: 从“double”转换到“int”，可能丢失数据
D:\code\js\quickjs-master\quickjs.c(40794,28): warning C4018: “>=”: 有符号/无符号不匹配
D:\code\js\quickjs-master\quickjs.c(40810,19): warning C4018: “<”: 有符号/无符号不匹配
D:\code\js\quickjs-master\quickjs.c(40817,39): warning C4018: “<”: 有符号/无符号不匹配
D:\code\js\quickjs-master\quickjs.c(40823,29): warning C4018: “<”: 有符号/无符号不匹配
D:\code\js\quickjs-master\quickjs.c(40920,37): warning C4018: “>=”: 有符号/无符号不匹配
D:\code\js\quickjs-master\quickjs.c(41036,36): warning C4244: “函数”: 从“int64_t”转换到“int”，可能丢失数据
D:\code\js\quickjs-master\quickjs.c(41039,36): warning C4244: “函数”: 从“int64_t”转换到“int”，可能丢失数据
D:\code\js\quickjs-master\quickjs.c(41039,39): warning C4244: “函数”: 从“int64_t”转换到“int”，可能丢失数据
D:\code\js\quickjs-master\quickjs.c(41048,32): warning C4244: “函数”: 从“int64_t”转换到“int”，可能丢失数据
D:\code\js\quickjs-master\quickjs.c(41048,35): warning C4244: “函数”: 从“int64_t”转换到“int”，可能丢失数据
D:\code\js\quickjs-master\quickjs.c(41244,9): warning C4244: “=”: 从“int64_t”转换到“int”，可能丢失数据
D:\code\js\quickjs-master\quickjs.c(41346,15): warning C4018: “>=”: 有符号/无符号不匹配
D:\code\js\quickjs-master\quickjs.c(41392,18): warning C4018: “<”: 有符号/无符号不匹配
D:\code\js\quickjs-master\quickjs.c(41656,23): warning C4018: “<”: 有符号/无符号不匹配
D:\code\js\quickjs-master\quickjs.c(41955,5): warning C4013: “gettimeofdayv2”未定义；假设外部返回 int
D:\code\js\quickjs-master\quickjs.c(42640,33): warning C4244: “函数”: 从“int64_t”转换到“int”，可能丢失数据
D:\code\js\quickjs-master\quickjs.c(42768,33): warning C4244: “函数”: 从“int64_t”转换到“int”，可能丢失数据
D:\code\js\quickjs-master\quickjs.c(43279,22): warning C4018: “<”: 有符号/无符号不匹配
D:\code\js\quickjs-master\quickjs.c(43298,77): warning C4244: “函数”: 从“int64_t”转换到“int32_t”，可能丢失数据
D:\code\js\quickjs-master\quickjs.c(43321,40): warning C4244: “函数”: 从“int64_t”转换到“int32_t”，可能丢失数据
D:\code\js\quickjs-master\quickjs.c(43332,61): warning C4244: “函数”: 从“int64_t”转换到“uint32_t”，可能丢失数据
D:\code\js\quickjs-master\quickjs.c(43334,43): warning C4244: “=”: 从“int64_t”转换到“int”，可能丢失数据
D:\code\js\quickjs-master\quickjs.c(43486,17): warning C4244: “=”: 从“int64_t”转换到“uint32_t”，可能丢失数据
D:\code\js\quickjs-master\quickjs.c(43493,21): warning C4244: “=”: 从“int64_t”转换到“uint32_t”，可能丢失数据
D:\code\js\quickjs-master\quickjs.c(43503,21): warning C4244: “=”: 从“int64_t”转换到“uint32_t”，可能丢失数据
D:\code\js\quickjs-master\quickjs.c(47663,11): warning C4018: “>=”: 有符号/无符号不匹配
D:\code\js\quickjs-master\quickjs.c(47665,15): warning C4018: “>=”: 有符号/无符号不匹配
D:\code\js\quickjs-master\quickjs.c(47686,19): warning C4018: “<”: 有符号/无符号不匹配
D:\code\js\quickjs-master\quickjs.c(47798,19): warning C4018: “<”: 有符号/无符号不匹配
D:\code\js\quickjs-master\quickjs.c(47808,23): warning C4018: “>=”: 有符号/无符号不匹配
D:\code\js\quickjs-master\quickjs.c(48025,13): warning C4244: “=”: 从“double”转换到“int64_t”，可能丢失数据
D:\code\js\quickjs-master\quickjs.c(48052,17): warning C4244: “=”: 从“int64_t”转换到“double”，可能丢失数据
D:\code\js\quickjs-master\quickjs.c(48053,17): warning C4244: “=”: 从“int64_t”转换到“double”，可能丢失数据
D:\code\js\quickjs-master\quickjs.c(48054,22): warning C4244: “=”: 从“int64_t”转换到“double”，可能丢失数据
D:\code\js\quickjs-master\quickjs.c(48055,17): warning C4244: “=”: 从“int64_t”转换到“double”，可能丢失数据
D:\code\js\quickjs-master\quickjs.c(48056,17): warning C4244: “=”: 从“int64_t”转换到“double”，可能丢失数据
D:\code\js\quickjs-master\quickjs.c(48057,17): warning C4244: “=”: 从“int64_t”转换到“double”，可能丢失数据
D:\code\js\quickjs-master\quickjs.c(48058,17): warning C4244: “=”: 从“int64_t”转换到“double”，可能丢失数据
D:\code\js\quickjs-master\quickjs.c(48059,17): warning C4244: “=”: 从“int64_t”转换到“double”，可能丢失数据
D:\code\js\quickjs-master\quickjs.c(48060,17): warning C4244: “=”: 从“int64_t”转换到“double”，可能丢失数据
D:\code\js\quickjs-master\quickjs.c(48079,9): warning C4244: “=”: 从“double”转换到“int”，可能丢失数据
D:\code\js\quickjs-master\quickjs.c(48083,12): warning C4244: “=”: 从“int64_t”转换到“double”，可能丢失数据
D:\code\js\quickjs-master\quickjs.c(48088,35): warning C4244: “+=”: 从“int64_t”转换到“int”，可能丢失数据
D:\code\js\quickjs-master\quickjs.c(48096,32): warning C4244: “函数”: 从“double”转换到“int64_t”，可能丢失数据
D:\code\js\quickjs-master\quickjs.c(48184,15): warning C4244: “=”: 从“double”转换到“int”，可能丢失数据
D:\code\js\quickjs-master\quickjs.c(48185,17): warning C4244: “=”: 从“double”转换到“int”，可能丢失数据
D:\code\js\quickjs-master\quickjs.c(48186,15): warning C4244: “=”: 从“double”转换到“int”，可能丢失数据
D:\code\js\quickjs-master\quickjs.c(48187,15): warning C4244: “=”: 从“double”转换到“int”，可能丢失数据
D:\code\js\quickjs-master\quickjs.c(48188,15): warning C4244: “=”: 从“double”转换到“int”，可能丢失数据
D:\code\js\quickjs-master\quickjs.c(48189,15): warning C4244: “=”: 从“double”转换到“int”，可能丢失数据
D:\code\js\quickjs-master\quickjs.c(48190,16): warning C4244: “=”: 从“double”转换到“int”，可能丢失数据
D:\code\js\quickjs-master\quickjs.c(48191,16): warning C4244: “=”: 从“double”转换到“int”，可能丢失数据
D:\code\js\quickjs-master\quickjs.c(48192,16): warning C4244: “=”: 从“double”转换到“int”，可能丢失数据
D:\code\js\quickjs-master\quickjs.c(48289,15): warning C4244: “=”: 从“int64_t”转换到“double”，可能丢失数据
D:\code\js\quickjs-master\quickjs.c(48377,16): warning C4018: “<”: 有符号/无符号不匹配
D:\code\js\quickjs-master\quickjs.c(48382,16): warning C4018: “<”: 有符号/无符号不匹配
D:\code\js\quickjs-master\quickjs.c(48391,11): warning C4018: “>=”: 有符号/无符号不匹配
D:\code\js\quickjs-master\quickjs.c(48394,14): warning C4018: “<”: 有符号/无符号不匹配
D:\code\js\quickjs-master\quickjs.c(48413,11): warning C4018: “>=”: 有符号/无符号不匹配
D:\code\js\quickjs-master\quickjs.c(48433,15): warning C4018: “>=”: 有符号/无符号不匹配
D:\code\js\quickjs-master\quickjs.c(48450,11): warning C4018: “>=”: 有符号/无符号不匹配
D:\code\js\quickjs-master\quickjs.c(48453,14): warning C4018: “<”: 有符号/无符号不匹配
D:\code\js\quickjs-master\quickjs.c(48475,15): warning C4018: “<=”: 有符号/无符号不匹配
D:\code\js\quickjs-master\quickjs.c(48522,11): warning C4018: “<”: 有符号/无符号不匹配
D:\code\js\quickjs-master\quickjs.c(48529,19): warning C4018: “>=”: 有符号/无符号不匹配
D:\code\js\quickjs-master\quickjs.c(48564,15): warning C4018: “<”: 有符号/无符号不匹配
D:\code\js\quickjs-master\quickjs.c(48599,15): warning C4018: “>=”: 有符号/无符号不匹配
D:\code\js\quickjs-master\quickjs.c(48625,23): warning C4018: “>=”: 有符号/无符号不匹配
D:\code\js\quickjs-master\quickjs.c(48639,24): warning C4018: “<”: 有符号/无符号不匹配
D:\code\js\quickjs-master\quickjs.c(48655,28): warning C4244: “=”: 从“int64_t”转换到“double”，可能丢失数据
D:\code\js\quickjs-master\quickjs.c(49453,23): warning C4244: “函数”: 从“uint64_t”转换到“slimb_t”，可能丢失数据
D:\code\js\quickjs-master\quickjs.c(49458,32): warning C4244: “函数”: 从“uint64_t”转换到“slimb_t”，可能丢失数据
D:\code\js\quickjs-master\quickjs.c(49461,31): warning C4244: “函数”: 从“uint64_t”转换到“slimb_t”，可能丢失数据
D:\code\js\quickjs-master\quickjs.c(49604,36): warning C4244: “函数”: 从“int64_t”转换到“limb_t”，可能丢失数据
D:\code\js\quickjs-master\quickjs.c(49666,42): warning C4244: “函数”: 从“int64_t”转换到“limb_t”，可能丢失数据
D:\code\js\quickjs-master\quickjs.c(49710,40): warning C4244: “函数”: 从“int64_t”转换到“limb_t”，可能丢失数据
D:\code\js\quickjs-master\quickjs.c(50211,16): warning C4244: “=”: 从“int64_t”转换到“limb_t”，可能丢失数据
D:\code\js\quickjs-master\quickjs.c(50263,24): warning C4244: “=”: 从“int64_t”转换到“limb_t”，可能丢失数据
D:\code\js\quickjs-master\quickjs.c(50313,20): warning C4244: “=”: 从“int64_t”转换到“limb_t”，可能丢失数据
D:\code\js\quickjs-master\quickjs.c(50726,36): warning C4244: “函数”: 从“int64_t”转换到“limb_t”，可能丢失数据
D:\code\js\quickjs-master\quickjs.c(50729,36): warning C4244: “函数”: 从“int64_t”转换到“limb_t”，可能丢失数据
D:\code\js\quickjs-master\quickjs.c(50732,36): warning C4244: “函数”: 从“int64_t”转换到“limb_t”，可能丢失数据
D:\code\js\quickjs-master\quickjs.c(50735,36): warning C4244: “函数”: 从“int64_t”转换到“limb_t”，可能丢失数据
D:\code\js\quickjs-master\quickjs.c(50738,36): warning C4244: “函数”: 从“int64_t”转换到“limb_t”，可能丢失数据
D:\code\js\quickjs-master\quickjs.c(50741,34): warning C4244: “函数”: 从“int64_t”转换到“limb_t”，可能丢失数据
D:\code\js\quickjs-master\quickjs.c(50746,36): warning C4244: “函数”: 从“int64_t”转换到“limb_t”，可能丢失数据
D:\code\js\quickjs-master\quickjs.c(50785,46): warning C4244: “函数”: 从“int64_t”转换到“limb_t”，可能丢失数据
D:\code\js\quickjs-master\quickjs.c(50819,52): warning C4244: “函数”: 从“int64_t”转换到“limb_t”，可能丢失数据
D:\code\js\quickjs-master\quickjs.c(50854,46): warning C4244: “函数”: 从“int64_t”转换到“limb_t”，可能丢失数据
D:\code\js\quickjs-master\quickjs.c(51201,25): warning C4244: “=”: 从“uint64_t”转换到“int”，可能丢失数据
D:\code\js\quickjs-master\quickjs.c(51206,58): warning C4244: “函数”: 从“uint64_t”转换到“int”，可能丢失数据
D:\code\js\quickjs-master\quickjs.c(51209,35): warning C4244: “函数”: 从“uint64_t”转换到“size_t”，可能丢失数据
D:\code\js\quickjs-master\quickjs.c(51212,50): warning C4244: “函数”: 从“uint64_t”转换到“int”，可能丢失数据
D:\code\js\quickjs-master\quickjs.c(51229,33): warning C4244: “函数”: 从“uint64_t”转换到“size_t”，可能丢失数据
D:\code\js\quickjs-master\quickjs.c(51478,48): warning C4244: “函数”: 从“int64_t”转换到“size_t”，可能丢失数据
D:\code\js\quickjs-master\quickjs.c(51704,62): warning C4244: “函数”: 从“int64_t”转换到“size_t”，可能丢失数据
D:\code\js\quickjs-master\quickjs.c(51725,51): warning C4244: “函数”: 从“int64_t”转换到“uint32_t”，可能丢失数据
D:\code\js\quickjs-master\quickjs.c(51922,40): warning C4244: “函数”: 从“int64_t”转换到“int32_t”，可能丢失数据
D:\code\js\quickjs-master\quickjs.c(52041,19): warning C4244: “=”: 从“double”转换到“float”，可能丢失数据
D:\code\js\quickjs-master\quickjs.c(52069,48): warning C4244: “函数”: 从“uint64_t”转换到“int”，可能丢失数据
D:\code\js\quickjs-master\quickjs.c(52074,42): warning C4244: “=”: 从“uint64_t”转换到“uint16_t”，可能丢失数据
D:\code\js\quickjs-master\quickjs.c(52079,42): warning C4244: “=”: 从“uint64_t”转换到“uint32_t”，可能丢失数据
D:\code\js\quickjs-master\quickjs.c(52174,29): warning C4244: “=”: 从“double”转换到“int”，可能丢失数据
D:\code\js\quickjs-master\quickjs.c(52180,25): warning C4244: “=”: 从“double”转换到“int”，可能丢失数据
D:\code\js\quickjs-master\quickjs.c(52213,13): warning C4244: “=”: 从“int64_t”转换到“double”，可能丢失数据
D:\code\js\quickjs-master\quickjs.c(52217,15): warning C4244: “=”: 从“double”转换到“int64_t”，可能丢失数据
D:\code\js\quickjs-master\quickjs.c(52253,17): warning C4244: “=”: 从“int64_t”转换到“uint16_t”，可能丢失数据
D:\code\js\quickjs-master\quickjs.c(52278,17): warning C4244: “=”: 从“int64_t”转换到“uint16_t”，可能丢失数据
D:\code\js\quickjs-master\quickjs.c(52297,17): warning C4244: “=”: 从“int64_t”转换到“uint32_t”，可能丢失数据
D:\code\js\quickjs-master\quickjs.c(52553,45): warning C4018: “>=”: 有符号/无符号不匹配
D:\code\js\quickjs-master\quickjs.c(52554,44): warning C4018: “>=”: 有符号/无符号不匹配
D:\code\js\quickjs-master\quickjs.c(52861,26): warning C4018: “<”: 有符号/无符号不匹配
D:\code\js\quickjs-master\quickjs.c(52878,30): warning C4018: “<”: 有符号/无符号不匹配
D:\code\js\quickjs-master\quickjs.c(52884,30): warning C4018: “<”: 有符号/无符号不匹配
D:\code\js\quickjs-master\quickjs.c(52890,30): warning C4018: “<”: 有符号/无符号不匹配
D:\code\js\quickjs-master\quickjs.c(52896,30): warning C4018: “<”: 有符号/无符号不匹配
D:\code\js\quickjs-master\quickjs.c(52985,18): warning C4244: “=”: 从“uint64_t”转换到“uint32_t”，可能丢失数据
D:\code\js\quickjs-master\quickjs.c(52986,22): warning C4244: “=”: 从“uint64_t”转换到“uint32_t”，可能丢失数据
D:\code\js\quickjs-master\quickjs.c(52989,24): warning C4244: “=”: 从“uint64_t”转换到“uint32_t”，可能丢失数据
D:\code\js\quickjs-master\quickjs.c(53274,29): warning C4244: “=”: 从“uint64_t”转换到“uint32_t”，可能丢失数据
D:\code\js\quickjs-master\quickjs.c(53281,15): warning C4244: “=”: 从“uint64_t”转换到“uint32_t”，可能丢失数据
D:\code\js\quickjs-master\quickjs.c(53301,18): warning C4244: “=”: 从“uint64_t”转换到“uint32_t”，可能丢失数据
D:\code\js\quickjs-master\quickjs.c(53452,19): warning C4244: “=”: 从“double”转换到“float”，可能丢失数据
D:\code\js\quickjs-master\quickjs.c(54261,29): warning C4018: “<”: 有符号/无符号不匹配
D:\code\js\quickjs-master\quickjs.c(54264,58): warning C4018: “>”: 有符号/无符号不匹配
D:\code\js\quickjs-master\quickjs.c(54271,38): warning C4018: “<=”: 有符号/无符号不匹配
D:\code\js\quickjs-master\quickjs.c(54360,32): warning C4018: “<”: 有符号/无符号不匹配
D:\code\js\quickjs-master\quickjs.c(54398,32): warning C4018: “<”: 有符号/无符号不匹配
  正在生成代码...
    正在创建库 D:\code\js\quickjs-master\vs2019\Debug\libhttp.lib 和对象 D:\code\js\quickjs-master\vs2019\Debug\libhttp.exp
  libhttp.vcxproj -> D:\code\js\quickjs-master\vs2019\Debug\libhttp.dll
